<?xml version="1.0" encoding="UTF-8"?>
<robot generator="Rebot 4.1.3 (Python 3.10.1 on win32)" generated="20211226 18:23:03.141" rpa="false" schemaversion="2">
<suite id="s1" name="Test" source="C:\Users\suneet\PycharmProjects\pythonProject\testui\test">
<kw name="Set System Properties" library="system_properties" type="SETUP">
<doc>Set the system properties required for the test</doc>
<kw name="Set Browser Driver Path" library="system_properties">
<doc>Set the path for the driver of respective browser</doc>
<kw name="Evaluate" library="BuiltIn">
<var>${system}</var>
<arg>platform.system()</arg>
<arg>platform</arg>
<doc>Evaluates the given expression in Python and returns the result.</doc>
<msg timestamp="20211226 18:22:47.173" level="INFO">${system} = Windows</msg>
<status status="PASS" starttime="20211226 18:22:47.157" endtime="20211226 18:22:47.173"/>
</kw>
<if>
<branch type="IF" condition="'${system}'=='Windows' and '${BROWSER}'=='chrome'">
<kw name="Append To Environment Variable" library="OperatingSystem">
<arg>PATH</arg>
<arg>${WINDOWS_CHROME_DRIVER_PATH}</arg>
<doc>Appends given ``values`` to environment variable ``name``.</doc>
<msg timestamp="20211226 18:22:47.173" level="INFO">Environment variable 'PATH' set to value 'C:\Program Files\Python310\Scripts\;C:\Program Files\Python310\;C:\Program Files (x86)\NVIDIA Corporation\PhysX\Common;C:\Windows\system32;C:\Windows;C:\Windows\System32\Wbem;C:\Windows\System32\WindowsPowerShell\v1.0\;C:\Windows\System32\OpenSSH\;C:\Users\suneet\AppData\Local\Microsoft\WindowsApps;C:\Program Files\JetBrains\PyCharm Community Edition 2021.3\bin;C:\Users\suneet\AppData\Local\Programs\Microsoft VS Code\bin;C:\Users\suneet\PycharmProjects\pythonProject\testui\drivers\windows\chrome'.</msg>
<status status="PASS" starttime="20211226 18:22:47.173" endtime="20211226 18:22:47.173"/>
</kw>
<status status="PASS" starttime="20211226 18:22:47.173" endtime="20211226 18:22:47.173"/>
</branch>
<branch type="ELSE">
<kw name="Append To Environment Variable" library="OperatingSystem">
<arg>PATH</arg>
<arg>${WINDOWS_FIREFOX_DRIVER_PATH}</arg>
<doc>Appends given ``values`` to environment variable ``name``.</doc>
<status status="NOT RUN" starttime="20211226 18:22:47.173" endtime="20211226 18:22:47.173"/>
</kw>
<status status="NOT RUN" starttime="20211226 18:22:47.173" endtime="20211226 18:22:47.173"/>
</branch>
<status status="PASS" starttime="20211226 18:22:47.173" endtime="20211226 18:22:47.173"/>
</if>
<kw name="Set Global Variable" library="BuiltIn">
<arg>${DOWNLOAD_DIR}</arg>
<arg>${WIN_DOWNLOAD_DIR}</arg>
<doc>Makes a variable available globally in all tests and suites.</doc>
<msg timestamp="20211226 18:22:47.173" level="INFO">${DOWNLOAD_DIR} = C:\Users\suneet\PycharmProjects\pythonProject\testui\downloads</msg>
<status status="PASS" starttime="20211226 18:22:47.173" endtime="20211226 18:22:47.173"/>
</kw>
<status status="PASS" starttime="20211226 18:22:47.157" endtime="20211226 18:22:47.173"/>
</kw>
<status status="PASS" starttime="20211226 18:22:47.157" endtime="20211226 18:22:47.173"/>
</kw>
<suite id="s1-s1" name="Google Search" source="C:\Users\suneet\PycharmProjects\pythonProject\testui\test\google_search">
<suite id="s1-s1-s1" name="Sp Google Search" source="C:\Users\suneet\PycharmProjects\pythonProject\testui\test\google_search\sp_google_search.robot">
<kw name="User launches the browser" library="sp_browser_actions" type="SETUP">
<doc>This action method deals with launching of the browser</doc>
<kw name="User Opens the Browser" library="sp_browser_pages">
<doc>This method consist of the actual robot-selenium method to launch the browser with blank site</doc>
<kw name="Open Browser" library="SeleniumLibrary">
<arg>about:blank</arg>
<arg>browser=${BROWSER}</arg>
<doc>Opens a new browser instance to the optional ``url``.</doc>
<msg timestamp="20211226 18:22:47.211" level="INFO">Opening browser 'chrome' to base url 'about:blank'.</msg>
<status status="PASS" starttime="20211226 18:22:47.211" endtime="20211226 18:22:48.795"/>
</kw>
<status status="PASS" starttime="20211226 18:22:47.211" endtime="20211226 18:22:48.795"/>
</kw>
<kw name="User sets the window size" library="sp_browser_actions">
<doc>This action method deals with the setting of window size to 1920X1080</doc>
<kw name="Set Window Size" library="SeleniumLibrary">
<arg>1920</arg>
<arg>1080</arg>
<doc>Sets current windows size to given ``width`` and ``height``.</doc>
<status status="PASS" starttime="20211226 18:22:48.796" endtime="20211226 18:22:48.912"/>
</kw>
<status status="PASS" starttime="20211226 18:22:48.796" endtime="20211226 18:22:48.912"/>
</kw>
<status status="PASS" starttime="20211226 18:22:47.211" endtime="20211226 18:22:48.912"/>
</kw>
<test id="s1-s1-s1-t1" name="TC-001 Google search for a query and verification">
<kw name="Given User opens the search engine on launched browser" library="sp_google_search_actions">
<doc>This is user action method to launch the search engine</doc>
<kw name="User opens the search engine" library="sp_google_search_actions">
<doc>This is user action method to go to the given search engine</doc>
<kw name="Go To" library="SeleniumLibrary">
<arg>${SEARCH_ENGINE}</arg>
<doc>Navigates the current browser window to the provided ``url``.</doc>
<msg timestamp="20211226 18:22:48.912" level="INFO">Opening url 'http://www.google.com'</msg>
<status status="PASS" starttime="20211226 18:22:48.912" endtime="20211226 18:22:50.759"/>
</kw>
<status status="PASS" starttime="20211226 18:22:48.912" endtime="20211226 18:22:50.759"/>
</kw>
<status status="PASS" starttime="20211226 18:22:48.912" endtime="20211226 18:22:50.759"/>
</kw>
<kw name="When User searches the string on the browser" library="sp_google_search_actions">
<doc>This is user action method to search the given string on the search engine laoded</doc>
<kw name="User searches the search string" library="sp_google_search_pages">
<arg>${SEARCH_STRING}</arg>
<doc>This method deals with the search of the given string
param : Used OLX Cars in India - The search string user wants to search on search engine
param : ${default_behavior} - The parameter to handle the search whether user wants to search or to feel lucky.</doc>
<kw name="Wait" library="ui_interactions">
<arg>${GOOGLE_SEARCH_INPUT_XPATH}</arg>
<kw name="Wait Until Element Is Visible" library="SeleniumLibrary">
<arg>${xpath}</arg>
<arg>timeout=${timeout}</arg>
<doc>Waits until the element ``locator`` is visible.</doc>
<status status="PASS" starttime="20211226 18:22:50.763" endtime="20211226 18:22:50.786"/>
</kw>
<status status="PASS" starttime="20211226 18:22:50.762" endtime="20211226 18:22:50.786"/>
</kw>
<kw name="Input Text" library="SeleniumLibrary">
<arg>${GOOGLE_SEARCH_INPUT_XPATH}</arg>
<arg>${search_string}</arg>
<doc>Types the given ``text`` into the text field identified by ``locator``.</doc>
<msg timestamp="20211226 18:22:50.787" level="INFO">Typing text 'Used OLX Cars in India' into text field '//input[@title]'.</msg>
<status status="PASS" starttime="20211226 18:22:50.786" endtime="20211226 18:22:50.909"/>
</kw>
<if>
<branch type="IF" condition="'${default_behavior}'=='Lucky'">
<kw name="Set Variable" library="BuiltIn">
<var>${value}</var>
<arg>Feeling Lucky</arg>
<doc>Returns the given values which can then be assigned to a variables.</doc>
<status status="NOT RUN" starttime="20211226 18:22:50.910" endtime="20211226 18:22:50.911"/>
</kw>
<status status="NOT RUN" starttime="20211226 18:22:50.910" endtime="20211226 18:22:50.911"/>
</branch>
<branch type="ELSE">
<kw name="Set Variable" library="BuiltIn">
<var>${value}</var>
<arg>Google Search</arg>
<doc>Returns the given values which can then be assigned to a variables.</doc>
<msg timestamp="20211226 18:22:50.911" level="INFO">${value} = Google Search</msg>
<status status="PASS" starttime="20211226 18:22:50.911" endtime="20211226 18:22:50.912"/>
</kw>
<status status="PASS" starttime="20211226 18:22:50.911" endtime="20211226 18:22:50.912"/>
</branch>
<status status="PASS" starttime="20211226 18:22:50.909" endtime="20211226 18:22:50.912"/>
</if>
<kw name="Get updated xpath" library="ui_interactions">
<var>${GOOGLE_SEARCH_SUBMIT_BUTTON}</var>
<arg>${GOOGLE_SEARCH_SUBMIT_BUTTON}</arg>
<arg>${value}</arg>
<kw name="Replace String" library="String">
<var>${xpath}</var>
<arg>${xpath}</arg>
<arg>${dynamic_string}</arg>
<arg>${value}</arg>
<doc>Replaces ``search_for`` in the given ``string`` with ``replace_with``.</doc>
<msg timestamp="20211226 18:22:50.914" level="INFO">${xpath} = //input[contains(@value, 'Google Search')]</msg>
<status status="PASS" starttime="20211226 18:22:50.913" endtime="20211226 18:22:50.914"/>
</kw>
<msg timestamp="20211226 18:22:50.914" level="INFO">${GOOGLE_SEARCH_SUBMIT_BUTTON} = //input[contains(@value, 'Google Search')]</msg>
<status status="PASS" starttime="20211226 18:22:50.912" endtime="20211226 18:22:50.914"/>
</kw>
<kw name="Click" library="ui_interactions">
<arg>${GOOGLE_SEARCH_SUBMIT_BUTTON}</arg>
<kw name="Wait" library="ui_interactions">
<arg>${xpath}</arg>
<arg>${timeout}</arg>
<kw name="Wait Until Element Is Visible" library="SeleniumLibrary">
<arg>${xpath}</arg>
<arg>timeout=${timeout}</arg>
<doc>Waits until the element ``locator`` is visible.</doc>
<status status="PASS" starttime="20211226 18:22:50.916" endtime="20211226 18:22:51.151"/>
</kw>
<status status="PASS" starttime="20211226 18:22:50.915" endtime="20211226 18:22:51.151"/>
</kw>
<kw name="Click Element" library="SeleniumLibrary">
<arg>${xpath}</arg>
<arg>modifier=${modifier}</arg>
<doc>Click the element identified by ``locator``.</doc>
<msg timestamp="20211226 18:22:51.151" level="INFO">Clicking element '//input[contains(@value, 'Google Search')]'.</msg>
<status status="PASS" starttime="20211226 18:22:51.151" endtime="20211226 18:22:53.104"/>
</kw>
<status status="PASS" starttime="20211226 18:22:50.915" endtime="20211226 18:22:53.105"/>
</kw>
<status status="PASS" starttime="20211226 18:22:50.761" endtime="20211226 18:22:53.105"/>
</kw>
<status status="PASS" starttime="20211226 18:22:50.760" endtime="20211226 18:22:53.105"/>
</kw>
<kw name="Then User captures and validates the results" library="sp_google_search_actions">
<arg>navigation_counter=3</arg>
<doc>This action method deals with the capturing of the links of the result of first page and then
try to navigate to given number of pages depending on the given counter
param : ${navigation_counter} Parameter to accept the number of navigation links to open.</doc>
<kw name="User captures the result" library="sp_google_search_pages">
<var>${result}</var>
<var>${texts}</var>
<kw name="Wait" library="ui_interactions">
<arg>${GOOGLE_SEARCH_NAVIGATION_BAR}</arg>
<kw name="Wait Until Element Is Visible" library="SeleniumLibrary">
<arg>${xpath}</arg>
<arg>timeout=${timeout}</arg>
<doc>Waits until the element ``locator`` is visible.</doc>
<status status="PASS" starttime="20211226 18:22:53.109" endtime="20211226 18:22:53.129"/>
</kw>
<status status="PASS" starttime="20211226 18:22:53.109" endtime="20211226 18:22:53.129"/>
</kw>
<kw name="User captures the results" library="sp_google_search_pages">
<var>${actual_result}</var>
<kw name="User verifies the page is loaded" library="sp_browser_actions">
<doc>This method deals whether the page is loaded with the use of Javascript</doc>
<for flavor="IN RANGE">
<var>${i}</var>
<value>50</value>
<iter>
<var name="${i}">0</var>
<kw name="Execute Javascript" library="SeleniumLibrary">
<var>${result}</var>
<arg>return document.readyState</arg>
<doc>Executes the given JavaScript code with possible arguments.</doc>
<msg timestamp="20211226 18:22:53.132" level="INFO">Executing JavaScript:
return document.readyState
Without any arguments.</msg>
<msg timestamp="20211226 18:22:53.136" level="INFO">${result} = complete</msg>
<status status="PASS" starttime="20211226 18:22:53.131" endtime="20211226 18:22:53.136"/>
</kw>
<if>
<branch type="IF" condition="'${result}'=='complete'">
<kw name="Log" library="BuiltIn">
<arg>Page is loaded</arg>
<doc>Logs the given message with the given level.</doc>
<msg timestamp="20211226 18:22:53.137" level="INFO">Page is loaded</msg>
<status status="PASS" starttime="20211226 18:22:53.136" endtime="20211226 18:22:53.137"/>
</kw>
<kw name="Exit For Loop" library="BuiltIn">
<doc>Stops executing the enclosing for loop.</doc>
<msg timestamp="20211226 18:22:53.137" level="INFO">Exiting for loop altogether.</msg>
<status status="PASS" starttime="20211226 18:22:53.137" endtime="20211226 18:22:53.138"/>
</kw>
<status status="PASS" starttime="20211226 18:22:53.136" endtime="20211226 18:22:53.138"/>
</branch>
<branch type="ELSE">
<kw name="Sleep" library="BuiltIn">
<arg>1s</arg>
<doc>Pauses the test executed for the given time.</doc>
<status status="NOT RUN" starttime="20211226 18:22:53.139" endtime="20211226 18:22:53.139"/>
</kw>
<status status="NOT RUN" starttime="20211226 18:22:53.139" endtime="20211226 18:22:53.139"/>
</branch>
<status status="PASS" starttime="20211226 18:22:53.136" endtime="20211226 18:22:53.139"/>
</if>
<status status="PASS" starttime="20211226 18:22:53.131" endtime="20211226 18:22:53.140"/>
</iter>
<status status="PASS" starttime="20211226 18:22:53.130" endtime="20211226 18:22:53.140"/>
</for>
<status status="PASS" starttime="20211226 18:22:53.130" endtime="20211226 18:22:53.140"/>
</kw>
<kw name="Get Element Count" library="SeleniumLibrary">
<var>${count}</var>
<arg>${GOOGLE_SEARCH_RESULT_HEADINGS}</arg>
<doc>Returns the number of elements matching ``locator``.</doc>
<msg timestamp="20211226 18:22:53.150" level="INFO">${count} = 11</msg>
<status status="PASS" starttime="20211226 18:22:53.140" endtime="20211226 18:22:53.150"/>
</kw>
<kw name="Create List" library="BuiltIn">
<var>${ad_link_list}</var>
<doc>Returns a list containing given items.</doc>
<msg timestamp="20211226 18:22:53.151" level="INFO">${ad_link_list} = []</msg>
<status status="PASS" starttime="20211226 18:22:53.151" endtime="20211226 18:22:53.151"/>
</kw>
<for flavor="IN RANGE">
<var>${i}</var>
<value>${count}</value>
<iter>
<var name="${i}">0</var>
<kw name="Get Text" library="SeleniumLibrary">
<var>${text}</var>
<arg>(${GOOGLE_SEARCH_RESULT_HEADINGS})[${i+1}]</arg>
<doc>Returns the text value of the element identified by ``locator``.</doc>
<msg timestamp="20211226 18:22:53.175" level="INFO">${text} = https://www.olx.in › OLX Autos (Cars)</msg>
<status status="PASS" starttime="20211226 18:22:53.152" endtime="20211226 18:22:53.175"/>
</kw>
<kw name="Append To List" library="Collections">
<arg>${ad_link_list}</arg>
<arg>${text}</arg>
<doc>Adds ``values`` to the end of ``list``.</doc>
<status status="PASS" starttime="20211226 18:22:53.175" endtime="20211226 18:22:53.176"/>
</kw>
<status status="PASS" starttime="20211226 18:22:53.152" endtime="20211226 18:22:53.176"/>
</iter>
<iter>
<var name="${i}">1</var>
<kw name="Get Text" library="SeleniumLibrary">
<var>${text}</var>
<arg>(${GOOGLE_SEARCH_RESULT_HEADINGS})[${i+1}]</arg>
<doc>Returns the text value of the element identified by ``locator``.</doc>
<msg timestamp="20211226 18:22:53.197" level="INFO">${text} = https://www.olx.in › olx-autos-cars_c5</msg>
<status status="PASS" starttime="20211226 18:22:53.176" endtime="20211226 18:22:53.197"/>
</kw>
<kw name="Append To List" library="Collections">
<arg>${ad_link_list}</arg>
<arg>${text}</arg>
<doc>Adds ``values`` to the end of ``list``.</doc>
<status status="PASS" starttime="20211226 18:22:53.197" endtime="20211226 18:22:53.199"/>
</kw>
<status status="PASS" starttime="20211226 18:22:53.176" endtime="20211226 18:22:53.199"/>
</iter>
<iter>
<var name="${i}">2</var>
<kw name="Get Text" library="SeleniumLibrary">
<var>${text}</var>
<arg>(${GOOGLE_SEARCH_RESULT_HEADINGS})[${i+1}]</arg>
<doc>Returns the text value of the element identified by ``locator``.</doc>
<msg timestamp="20211226 18:22:53.221" level="INFO">${text} = https://www.olx.in › OLX Autos (Cars) › Cars</msg>
<status status="PASS" starttime="20211226 18:22:53.199" endtime="20211226 18:22:53.221"/>
</kw>
<kw name="Append To List" library="Collections">
<arg>${ad_link_list}</arg>
<arg>${text}</arg>
<doc>Adds ``values`` to the end of ``list``.</doc>
<status status="PASS" starttime="20211226 18:22:53.222" endtime="20211226 18:22:53.222"/>
</kw>
<status status="PASS" starttime="20211226 18:22:53.199" endtime="20211226 18:22:53.222"/>
</iter>
<iter>
<var name="${i}">3</var>
<kw name="Get Text" library="SeleniumLibrary">
<var>${text}</var>
<arg>(${GOOGLE_SEARCH_RESULT_HEADINGS})[${i+1}]</arg>
<doc>Returns the text value of the element identified by ``locator``.</doc>
<msg timestamp="20211226 18:22:53.238" level="INFO">${text} = https://www.olx.in › OLX Autos (Cars)</msg>
<status status="PASS" starttime="20211226 18:22:53.222" endtime="20211226 18:22:53.238"/>
</kw>
<kw name="Append To List" library="Collections">
<arg>${ad_link_list}</arg>
<arg>${text}</arg>
<doc>Adds ``values`` to the end of ``list``.</doc>
<status status="PASS" starttime="20211226 18:22:53.238" endtime="20211226 18:22:53.238"/>
</kw>
<status status="PASS" starttime="20211226 18:22:53.222" endtime="20211226 18:22:53.238"/>
</iter>
<iter>
<var name="${i}">4</var>
<kw name="Get Text" library="SeleniumLibrary">
<var>${text}</var>
<arg>(${GOOGLE_SEARCH_RESULT_HEADINGS})[${i+1}]</arg>
<doc>Returns the text value of the element identified by ``locator``.</doc>
<msg timestamp="20211226 18:22:53.253" level="INFO">${text} = https://www.olx.in › OLX Autos (Cars)</msg>
<status status="PASS" starttime="20211226 18:22:53.238" endtime="20211226 18:22:53.253"/>
</kw>
<kw name="Append To List" library="Collections">
<arg>${ad_link_list}</arg>
<arg>${text}</arg>
<doc>Adds ``values`` to the end of ``list``.</doc>
<status status="PASS" starttime="20211226 18:22:53.253" endtime="20211226 18:22:53.253"/>
</kw>
<status status="PASS" starttime="20211226 18:22:53.238" endtime="20211226 18:22:53.253"/>
</iter>
<iter>
<var name="${i}">5</var>
<kw name="Get Text" library="SeleniumLibrary">
<var>${text}</var>
<arg>(${GOOGLE_SEARCH_RESULT_HEADINGS})[${i+1}]</arg>
<doc>Returns the text value of the element identified by ``locator``.</doc>
<msg timestamp="20211226 18:22:53.286" level="INFO">${text} = https://www.olx.in › OLX Autos (Cars)</msg>
<status status="PASS" starttime="20211226 18:22:53.253" endtime="20211226 18:22:53.286"/>
</kw>
<kw name="Append To List" library="Collections">
<arg>${ad_link_list}</arg>
<arg>${text}</arg>
<doc>Adds ``values`` to the end of ``list``.</doc>
<status status="PASS" starttime="20211226 18:22:53.286" endtime="20211226 18:22:53.286"/>
</kw>
<status status="PASS" starttime="20211226 18:22:53.253" endtime="20211226 18:22:53.286"/>
</iter>
<iter>
<var name="${i}">6</var>
<kw name="Get Text" library="SeleniumLibrary">
<var>${text}</var>
<arg>(${GOOGLE_SEARCH_RESULT_HEADINGS})[${i+1}]</arg>
<doc>Returns the text value of the element identified by ``locator``.</doc>
<msg timestamp="20211226 18:22:53.310" level="INFO">${text} = https://www.olx.in › OLX Autos (Cars) › Cars</msg>
<status status="PASS" starttime="20211226 18:22:53.286" endtime="20211226 18:22:53.310"/>
</kw>
<kw name="Append To List" library="Collections">
<arg>${ad_link_list}</arg>
<arg>${text}</arg>
<doc>Adds ``values`` to the end of ``list``.</doc>
<status status="PASS" starttime="20211226 18:22:53.310" endtime="20211226 18:22:53.310"/>
</kw>
<status status="PASS" starttime="20211226 18:22:53.286" endtime="20211226 18:22:53.310"/>
</iter>
<iter>
<var name="${i}">7</var>
<kw name="Get Text" library="SeleniumLibrary">
<var>${text}</var>
<arg>(${GOOGLE_SEARCH_RESULT_HEADINGS})[${i+1}]</arg>
<doc>Returns the text value of the element identified by ``locator``.</doc>
<msg timestamp="20211226 18:22:53.335" level="INFO">${text} = https://www.olx.in › OLX Autos (Cars) › Cars</msg>
<status status="PASS" starttime="20211226 18:22:53.310" endtime="20211226 18:22:53.335"/>
</kw>
<kw name="Append To List" library="Collections">
<arg>${ad_link_list}</arg>
<arg>${text}</arg>
<doc>Adds ``values`` to the end of ``list``.</doc>
<status status="PASS" starttime="20211226 18:22:53.335" endtime="20211226 18:22:53.336"/>
</kw>
<status status="PASS" starttime="20211226 18:22:53.310" endtime="20211226 18:22:53.336"/>
</iter>
<iter>
<var name="${i}">8</var>
<kw name="Get Text" library="SeleniumLibrary">
<var>${text}</var>
<arg>(${GOOGLE_SEARCH_RESULT_HEADINGS})[${i+1}]</arg>
<doc>Returns the text value of the element identified by ``locator``.</doc>
<msg timestamp="20211226 18:22:53.359" level="INFO">${text} = https://www.olx.in › OLX Autos (Cars)</msg>
<status status="PASS" starttime="20211226 18:22:53.336" endtime="20211226 18:22:53.359"/>
</kw>
<kw name="Append To List" library="Collections">
<arg>${ad_link_list}</arg>
<arg>${text}</arg>
<doc>Adds ``values`` to the end of ``list``.</doc>
<status status="PASS" starttime="20211226 18:22:53.359" endtime="20211226 18:22:53.360"/>
</kw>
<status status="PASS" starttime="20211226 18:22:53.336" endtime="20211226 18:22:53.360"/>
</iter>
<iter>
<var name="${i}">9</var>
<kw name="Get Text" library="SeleniumLibrary">
<var>${text}</var>
<arg>(${GOOGLE_SEARCH_RESULT_HEADINGS})[${i+1}]</arg>
<doc>Returns the text value of the element identified by ``locator``.</doc>
<msg timestamp="20211226 18:22:53.383" level="INFO">${text} = https://www.olx.in › OLX Autos (Cars) › Cars</msg>
<status status="PASS" starttime="20211226 18:22:53.360" endtime="20211226 18:22:53.383"/>
</kw>
<kw name="Append To List" library="Collections">
<arg>${ad_link_list}</arg>
<arg>${text}</arg>
<doc>Adds ``values`` to the end of ``list``.</doc>
<status status="PASS" starttime="20211226 18:22:53.383" endtime="20211226 18:22:53.383"/>
</kw>
<status status="PASS" starttime="20211226 18:22:53.360" endtime="20211226 18:22:53.384"/>
</iter>
<iter>
<var name="${i}">10</var>
<kw name="Get Text" library="SeleniumLibrary">
<var>${text}</var>
<arg>(${GOOGLE_SEARCH_RESULT_HEADINGS})[${i+1}]</arg>
<doc>Returns the text value of the element identified by ``locator``.</doc>
<msg timestamp="20211226 18:22:53.425" level="INFO">${text} = olx cars mumbai
olx cars pune
olx cars for sale
olx cars for sale price
olx car swift
olx cars punjab
olx car lucknow
olx car delhi</msg>
<status status="PASS" starttime="20211226 18:22:53.384" endtime="20211226 18:22:53.425"/>
</kw>
<kw name="Append To List" library="Collections">
<arg>${ad_link_list}</arg>
<arg>${text}</arg>
<doc>Adds ``values`` to the end of ``list``.</doc>
<status status="PASS" starttime="20211226 18:22:53.426" endtime="20211226 18:22:53.426"/>
</kw>
<status status="PASS" starttime="20211226 18:22:53.384" endtime="20211226 18:22:53.426"/>
</iter>
<status status="PASS" starttime="20211226 18:22:53.151" endtime="20211226 18:22:53.427"/>
</for>
<kw name="Log List" library="Collections">
<arg>${ad_link_list}</arg>
<doc>Logs the length and contents of the ``list`` using given ``level``.</doc>
<msg timestamp="20211226 18:22:53.427" level="INFO">List length is 11 and it contains following items:
0: https://www.olx.in › OLX Autos (Cars)
1: https://www.olx.in › olx-autos-cars_c5
2: https://www.olx.in › OLX Autos (Cars) › Cars
3: https://www.olx.in › OLX Autos (Cars)
4: https://www.olx.in › OLX Autos (Cars)
5: https://www.olx.in › OLX Autos (Cars)
6: https://www.olx.in › OLX Autos (Cars) › Cars
7: https://www.olx.in › OLX Autos (Cars) › Cars
8: https://www.olx.in › OLX Autos (Cars)
9: https://www.olx.in › OLX Autos (Cars) › Cars
10: olx cars mumbai
olx cars pune
olx cars for sale
olx cars for sale price
olx car swift
olx cars punjab
olx car lucknow
olx car delhi</msg>
<status status="PASS" starttime="20211226 18:22:53.427" endtime="20211226 18:22:53.427"/>
</kw>
<msg timestamp="20211226 18:22:53.428" level="INFO">${actual_result} = ['https://www.olx.in › OLX Autos (Cars)', 'https://www.olx.in › olx-autos-cars_c5', 'https://www.olx.in › OLX Autos (Cars) › Cars', 'https://www.olx.in › OLX Autos (Cars)', 'https://www.olx.in › OLX A...</msg>
<status status="PASS" starttime="20211226 18:22:53.129" endtime="20211226 18:22:53.428"/>
</kw>
<kw name="User captures the results text" library="sp_google_search_pages">
<var>${text_result}</var>
<kw name="Get Element Count" library="SeleniumLibrary">
<var>${count}</var>
<arg>//h3</arg>
<doc>Returns the number of elements matching ``locator``.</doc>
<msg timestamp="20211226 18:22:53.438" level="INFO">${count} = 11</msg>
<status status="PASS" starttime="20211226 18:22:53.428" endtime="20211226 18:22:53.439"/>
</kw>
<kw name="Create List" library="BuiltIn">
<var>${text_link_list}</var>
<doc>Returns a list containing given items.</doc>
<msg timestamp="20211226 18:22:53.439" level="INFO">${text_link_list} = []</msg>
<status status="PASS" starttime="20211226 18:22:53.439" endtime="20211226 18:22:53.439"/>
</kw>
<for flavor="IN RANGE">
<var>${i}</var>
<value>${count}</value>
<iter>
<var name="${i}">0</var>
<kw name="Get Text" library="SeleniumLibrary">
<var>${text}</var>
<arg>(//h3)[${i+1}]</arg>
<doc>Returns the text value of the element identified by ``locator``.</doc>
<msg timestamp="20211226 18:22:53.458" level="INFO">${text} = Used Cars for sale in India, Second Hand Cars in India | OLX</msg>
<status status="PASS" starttime="20211226 18:22:53.440" endtime="20211226 18:22:53.458"/>
</kw>
<kw name="Append To List" library="Collections">
<arg>${text_link_list}</arg>
<arg>${text}</arg>
<doc>Adds ``values`` to the end of ``list``.</doc>
<status status="PASS" starttime="20211226 18:22:53.458" endtime="20211226 18:22:53.458"/>
</kw>
<status status="PASS" starttime="20211226 18:22:53.440" endtime="20211226 18:22:53.458"/>
</iter>
<iter>
<var name="${i}">1</var>
<kw name="Get Text" library="SeleniumLibrary">
<var>${text}</var>
<arg>(//h3)[${i+1}]</arg>
<doc>Returns the text value of the element identified by ``locator``.</doc>
<msg timestamp="20211226 18:22:53.482" level="INFO">${text} = Used OLX Autos (Cars) in India</msg>
<status status="PASS" starttime="20211226 18:22:53.458" endtime="20211226 18:22:53.482"/>
</kw>
<kw name="Append To List" library="Collections">
<arg>${text_link_list}</arg>
<arg>${text}</arg>
<doc>Adds ``values`` to the end of ``list``.</doc>
<status status="PASS" starttime="20211226 18:22:53.482" endtime="20211226 18:22:53.482"/>
</kw>
<status status="PASS" starttime="20211226 18:22:53.458" endtime="20211226 18:22:53.482"/>
</iter>
<iter>
<var name="${i}">2</var>
<kw name="Get Text" library="SeleniumLibrary">
<var>${text}</var>
<arg>(//h3)[${i+1}]</arg>
<doc>Returns the text value of the element identified by ``locator``.</doc>
<msg timestamp="20211226 18:22:53.501" level="INFO">${text} = Used Car for sale in India, Second Hand Cars in India | OLX</msg>
<status status="PASS" starttime="20211226 18:22:53.486" endtime="20211226 18:22:53.501"/>
</kw>
<kw name="Append To List" library="Collections">
<arg>${text_link_list}</arg>
<arg>${text}</arg>
<doc>Adds ``values`` to the end of ``list``.</doc>
<status status="PASS" starttime="20211226 18:22:53.508" endtime="20211226 18:22:53.508"/>
</kw>
<status status="PASS" starttime="20211226 18:22:53.486" endtime="20211226 18:22:53.508"/>
</iter>
<iter>
<var name="${i}">3</var>
<kw name="Get Text" library="SeleniumLibrary">
<var>${text}</var>
<arg>(//h3)[${i+1}]</arg>
<doc>Returns the text value of the element identified by ``locator``.</doc>
<msg timestamp="20211226 18:22:53.523" level="INFO">${text} = Used Cars Below 200000 for sale in India, Second ... - OLX</msg>
<status status="PASS" starttime="20211226 18:22:53.509" endtime="20211226 18:22:53.523"/>
</kw>
<kw name="Append To List" library="Collections">
<arg>${text_link_list}</arg>
<arg>${text}</arg>
<doc>Adds ``values`` to the end of ``list``.</doc>
<status status="PASS" starttime="20211226 18:22:53.523" endtime="20211226 18:22:53.523"/>
</kw>
<status status="PASS" starttime="20211226 18:22:53.508" endtime="20211226 18:22:53.523"/>
</iter>
<iter>
<var name="${i}">4</var>
<kw name="Get Text" library="SeleniumLibrary">
<var>${text}</var>
<arg>(//h3)[${i+1}]</arg>
<doc>Returns the text value of the element identified by ``locator``.</doc>
<msg timestamp="20211226 18:22:53.539" level="INFO">${text} = Used Cars in India - OLX</msg>
<status status="PASS" starttime="20211226 18:22:53.523" endtime="20211226 18:22:53.539"/>
</kw>
<kw name="Append To List" library="Collections">
<arg>${text_link_list}</arg>
<arg>${text}</arg>
<doc>Adds ``values`` to the end of ``list``.</doc>
<status status="PASS" starttime="20211226 18:22:53.554" endtime="20211226 18:22:53.554"/>
</kw>
<status status="PASS" starttime="20211226 18:22:53.523" endtime="20211226 18:22:53.554"/>
</iter>
<iter>
<var name="${i}">5</var>
<kw name="Get Text" library="SeleniumLibrary">
<var>${text}</var>
<arg>(//h3)[${i+1}]</arg>
<doc>Returns the text value of the element identified by ``locator``.</doc>
<msg timestamp="20211226 18:22:53.574" level="INFO">${text} = Used OLX Autos (Cars) in Maharashtra</msg>
<status status="PASS" starttime="20211226 18:22:53.554" endtime="20211226 18:22:53.574"/>
</kw>
<kw name="Append To List" library="Collections">
<arg>${text_link_list}</arg>
<arg>${text}</arg>
<doc>Adds ``values`` to the end of ``list``.</doc>
<status status="PASS" starttime="20211226 18:22:53.574" endtime="20211226 18:22:53.574"/>
</kw>
<status status="PASS" starttime="20211226 18:22:53.554" endtime="20211226 18:22:53.574"/>
</iter>
<iter>
<var name="${i}">6</var>
<kw name="Get Text" library="SeleniumLibrary">
<var>${text}</var>
<arg>(//h3)[${i+1}]</arg>
<doc>Returns the text value of the element identified by ``locator``.</doc>
<msg timestamp="20211226 18:22:53.591" level="INFO">${text} = Used Auto. for sale in India, Second Hand Cars in India | OLX</msg>
<status status="PASS" starttime="20211226 18:22:53.574" endtime="20211226 18:22:53.591"/>
</kw>
<kw name="Append To List" library="Collections">
<arg>${text_link_list}</arg>
<arg>${text}</arg>
<doc>Adds ``values`` to the end of ``list``.</doc>
<status status="PASS" starttime="20211226 18:22:53.591" endtime="20211226 18:22:53.591"/>
</kw>
<status status="PASS" starttime="20211226 18:22:53.574" endtime="20211226 18:22:53.591"/>
</iter>
<iter>
<var name="${i}">7</var>
<kw name="Get Text" library="SeleniumLibrary">
<var>${text}</var>
<arg>(//h3)[${i+1}]</arg>
<doc>Returns the text value of the element identified by ``locator``.</doc>
<msg timestamp="20211226 18:22:53.622" level="INFO">${text} = Used All In Car in India - OLX</msg>
<status status="PASS" starttime="20211226 18:22:53.591" endtime="20211226 18:22:53.622"/>
</kw>
<kw name="Append To List" library="Collections">
<arg>${text_link_list}</arg>
<arg>${text}</arg>
<doc>Adds ``values`` to the end of ``list``.</doc>
<status status="PASS" starttime="20211226 18:22:53.622" endtime="20211226 18:22:53.623"/>
</kw>
<status status="PASS" starttime="20211226 18:22:53.591" endtime="20211226 18:22:53.623"/>
</iter>
<iter>
<var name="${i}">8</var>
<kw name="Get Text" library="SeleniumLibrary">
<var>${text}</var>
<arg>(//h3)[${i+1}]</arg>
<doc>Returns the text value of the element identified by ``locator``.</doc>
<msg timestamp="20211226 18:22:53.643" level="INFO">${text} = Used Cars Below 100000 for sale in India, Second ... - OLX</msg>
<status status="PASS" starttime="20211226 18:22:53.623" endtime="20211226 18:22:53.643"/>
</kw>
<kw name="Append To List" library="Collections">
<arg>${text_link_list}</arg>
<arg>${text}</arg>
<doc>Adds ``values`` to the end of ``list``.</doc>
<status status="PASS" starttime="20211226 18:22:53.644" endtime="20211226 18:22:53.644"/>
</kw>
<status status="PASS" starttime="20211226 18:22:53.623" endtime="20211226 18:22:53.644"/>
</iter>
<iter>
<var name="${i}">9</var>
<kw name="Get Text" library="SeleniumLibrary">
<var>${text}</var>
<arg>(//h3)[${i+1}]</arg>
<doc>Returns the text value of the element identified by ``locator``.</doc>
<msg timestamp="20211226 18:22:53.664" level="INFO">${text} = Used Old Car in India - OLX</msg>
<status status="PASS" starttime="20211226 18:22:53.645" endtime="20211226 18:22:53.664"/>
</kw>
<kw name="Append To List" library="Collections">
<arg>${text_link_list}</arg>
<arg>${text}</arg>
<doc>Adds ``values`` to the end of ``list``.</doc>
<status status="PASS" starttime="20211226 18:22:53.664" endtime="20211226 18:22:53.664"/>
</kw>
<status status="PASS" starttime="20211226 18:22:53.645" endtime="20211226 18:22:53.664"/>
</iter>
<iter>
<var name="${i}">10</var>
<kw name="Get Text" library="SeleniumLibrary">
<var>${text}</var>
<arg>(//h3)[${i+1}]</arg>
<doc>Returns the text value of the element identified by ``locator``.</doc>
<msg timestamp="20211226 18:22:53.686" level="INFO">${text} = Related searches</msg>
<status status="PASS" starttime="20211226 18:22:53.664" endtime="20211226 18:22:53.686"/>
</kw>
<kw name="Append To List" library="Collections">
<arg>${text_link_list}</arg>
<arg>${text}</arg>
<doc>Adds ``values`` to the end of ``list``.</doc>
<status status="PASS" starttime="20211226 18:22:53.686" endtime="20211226 18:22:53.686"/>
</kw>
<status status="PASS" starttime="20211226 18:22:53.664" endtime="20211226 18:22:53.686"/>
</iter>
<status status="PASS" starttime="20211226 18:22:53.439" endtime="20211226 18:22:53.686"/>
</for>
<kw name="Log List" library="Collections">
<arg>${text_link_list}</arg>
<doc>Logs the length and contents of the ``list`` using given ``level``.</doc>
<msg timestamp="20211226 18:22:53.686" level="INFO">List length is 11 and it contains following items:
0: Used Cars for sale in India, Second Hand Cars in India | OLX
1: Used OLX Autos (Cars) in India
2: Used Car for sale in India, Second Hand Cars in India | OLX
3: Used Cars Below 200000 for sale in India, Second ... - OLX
4: Used Cars in India - OLX
5: Used OLX Autos (Cars) in Maharashtra
6: Used Auto. for sale in India, Second Hand Cars in India | OLX
7: Used All In Car in India - OLX
8: Used Cars Below 100000 for sale in India, Second ... - OLX
9: Used Old Car in India - OLX
10: Related searches</msg>
<status status="PASS" starttime="20211226 18:22:53.686" endtime="20211226 18:22:53.686"/>
</kw>
<msg timestamp="20211226 18:22:53.686" level="INFO">${text_result} = ['Used Cars for sale in India, Second Hand Cars in India | OLX', 'Used OLX Autos (Cars) in India', 'Used Car for sale in India, Second Hand Cars in India | OLX', 'Used Cars Below 200000 for sale in In...</msg>
<status status="PASS" starttime="20211226 18:22:53.428" endtime="20211226 18:22:53.686"/>
</kw>
<msg timestamp="20211226 18:22:53.686" level="INFO">${result} = ['https://www.olx.in › OLX Autos (Cars)', 'https://www.olx.in › olx-autos-cars_c5', 'https://www.olx.in › OLX Autos (Cars) › Cars', 'https://www.olx.in › OLX Autos (Cars)', 'https://www.olx.in › OLX A...</msg>
<msg timestamp="20211226 18:22:53.686" level="INFO">${texts} = ['Used Cars for sale in India, Second Hand Cars in India | OLX', 'Used OLX Autos (Cars) in India', 'Used Car for sale in India, Second Hand Cars in India | OLX', 'Used Cars Below 200000 for sale in In...</msg>
<status status="PASS" starttime="20211226 18:22:53.108" endtime="20211226 18:22:53.686"/>
</kw>
<kw name="User validates the count for olx links" library="sp_google_search_actions">
<var>${count}</var>
<arg>${result}</arg>
<doc>This action method checks the and validates the number of olx links present in result</doc>
<kw name="Set Variable" library="BuiltIn">
<var>${count}</var>
<arg>${0}</arg>
<doc>Returns the given values which can then be assigned to a variables.</doc>
<msg timestamp="20211226 18:22:53.686" level="INFO">${count} = 0</msg>
<status status="PASS" starttime="20211226 18:22:53.686" endtime="20211226 18:22:53.686"/>
</kw>
<for flavor="IN">
<var>${link}</var>
<value>@{result}</value>
<iter>
<var name="${link}">https://www.olx.in › OLX Autos (Cars)</var>
<kw name="Run Keyword And Return Status" library="BuiltIn">
<var>${status}</var>
<arg>should contain</arg>
<arg>${link}</arg>
<arg>${text}</arg>
<doc>Runs the given keyword with given arguments and returns the status as a Boolean value.</doc>
<kw name="Should Contain" library="BuiltIn">
<arg>${link}</arg>
<arg>${text}</arg>
<doc>Fails if ``container`` does not contain ``item`` one or more times.</doc>
<status status="PASS" starttime="20211226 18:22:53.686" endtime="20211226 18:22:53.686"/>
</kw>
<msg timestamp="20211226 18:22:53.686" level="INFO">${status} = True</msg>
<status status="PASS" starttime="20211226 18:22:53.686" endtime="20211226 18:22:53.686"/>
</kw>
<if>
<branch type="IF" condition="'${status}'=='True'">
<kw name="Evaluate" library="BuiltIn">
<var>${count}</var>
<arg>${count}+${1}</arg>
<doc>Evaluates the given expression in Python and returns the result.</doc>
<msg timestamp="20211226 18:22:53.686" level="INFO">${count} = 1</msg>
<status status="PASS" starttime="20211226 18:22:53.686" endtime="20211226 18:22:53.686"/>
</kw>
<status status="PASS" starttime="20211226 18:22:53.686" endtime="20211226 18:22:53.686"/>
</branch>
<status status="PASS" starttime="20211226 18:22:53.686" endtime="20211226 18:22:53.686"/>
</if>
<status status="PASS" starttime="20211226 18:22:53.686" endtime="20211226 18:22:53.686"/>
</iter>
<iter>
<var name="${link}">https://www.olx.in › olx-autos-cars_c5</var>
<kw name="Run Keyword And Return Status" library="BuiltIn">
<var>${status}</var>
<arg>should contain</arg>
<arg>${link}</arg>
<arg>${text}</arg>
<doc>Runs the given keyword with given arguments and returns the status as a Boolean value.</doc>
<kw name="Should Contain" library="BuiltIn">
<arg>${link}</arg>
<arg>${text}</arg>
<doc>Fails if ``container`` does not contain ``item`` one or more times.</doc>
<status status="PASS" starttime="20211226 18:22:53.702" endtime="20211226 18:22:53.702"/>
</kw>
<msg timestamp="20211226 18:22:53.702" level="INFO">${status} = True</msg>
<status status="PASS" starttime="20211226 18:22:53.686" endtime="20211226 18:22:53.702"/>
</kw>
<if>
<branch type="IF" condition="'${status}'=='True'">
<kw name="Evaluate" library="BuiltIn">
<var>${count}</var>
<arg>${count}+${1}</arg>
<doc>Evaluates the given expression in Python and returns the result.</doc>
<msg timestamp="20211226 18:22:53.702" level="INFO">${count} = 2</msg>
<status status="PASS" starttime="20211226 18:22:53.702" endtime="20211226 18:22:53.702"/>
</kw>
<status status="PASS" starttime="20211226 18:22:53.702" endtime="20211226 18:22:53.702"/>
</branch>
<status status="PASS" starttime="20211226 18:22:53.702" endtime="20211226 18:22:53.702"/>
</if>
<status status="PASS" starttime="20211226 18:22:53.686" endtime="20211226 18:22:53.702"/>
</iter>
<iter>
<var name="${link}">https://www.olx.in › OLX Autos (Cars) › Cars</var>
<kw name="Run Keyword And Return Status" library="BuiltIn">
<var>${status}</var>
<arg>should contain</arg>
<arg>${link}</arg>
<arg>${text}</arg>
<doc>Runs the given keyword with given arguments and returns the status as a Boolean value.</doc>
<kw name="Should Contain" library="BuiltIn">
<arg>${link}</arg>
<arg>${text}</arg>
<doc>Fails if ``container`` does not contain ``item`` one or more times.</doc>
<status status="PASS" starttime="20211226 18:22:53.702" endtime="20211226 18:22:53.702"/>
</kw>
<msg timestamp="20211226 18:22:53.702" level="INFO">${status} = True</msg>
<status status="PASS" starttime="20211226 18:22:53.702" endtime="20211226 18:22:53.702"/>
</kw>
<if>
<branch type="IF" condition="'${status}'=='True'">
<kw name="Evaluate" library="BuiltIn">
<var>${count}</var>
<arg>${count}+${1}</arg>
<doc>Evaluates the given expression in Python and returns the result.</doc>
<msg timestamp="20211226 18:22:53.702" level="INFO">${count} = 3</msg>
<status status="PASS" starttime="20211226 18:22:53.702" endtime="20211226 18:22:53.702"/>
</kw>
<status status="PASS" starttime="20211226 18:22:53.702" endtime="20211226 18:22:53.702"/>
</branch>
<status status="PASS" starttime="20211226 18:22:53.702" endtime="20211226 18:22:53.702"/>
</if>
<status status="PASS" starttime="20211226 18:22:53.702" endtime="20211226 18:22:53.702"/>
</iter>
<iter>
<var name="${link}">https://www.olx.in › OLX Autos (Cars)</var>
<kw name="Run Keyword And Return Status" library="BuiltIn">
<var>${status}</var>
<arg>should contain</arg>
<arg>${link}</arg>
<arg>${text}</arg>
<doc>Runs the given keyword with given arguments and returns the status as a Boolean value.</doc>
<kw name="Should Contain" library="BuiltIn">
<arg>${link}</arg>
<arg>${text}</arg>
<doc>Fails if ``container`` does not contain ``item`` one or more times.</doc>
<status status="PASS" starttime="20211226 18:22:53.702" endtime="20211226 18:22:53.702"/>
</kw>
<msg timestamp="20211226 18:22:53.702" level="INFO">${status} = True</msg>
<status status="PASS" starttime="20211226 18:22:53.702" endtime="20211226 18:22:53.702"/>
</kw>
<if>
<branch type="IF" condition="'${status}'=='True'">
<kw name="Evaluate" library="BuiltIn">
<var>${count}</var>
<arg>${count}+${1}</arg>
<doc>Evaluates the given expression in Python and returns the result.</doc>
<msg timestamp="20211226 18:22:53.702" level="INFO">${count} = 4</msg>
<status status="PASS" starttime="20211226 18:22:53.702" endtime="20211226 18:22:53.702"/>
</kw>
<status status="PASS" starttime="20211226 18:22:53.702" endtime="20211226 18:22:53.702"/>
</branch>
<status status="PASS" starttime="20211226 18:22:53.702" endtime="20211226 18:22:53.702"/>
</if>
<status status="PASS" starttime="20211226 18:22:53.702" endtime="20211226 18:22:53.702"/>
</iter>
<iter>
<var name="${link}">https://www.olx.in › OLX Autos (Cars)</var>
<kw name="Run Keyword And Return Status" library="BuiltIn">
<var>${status}</var>
<arg>should contain</arg>
<arg>${link}</arg>
<arg>${text}</arg>
<doc>Runs the given keyword with given arguments and returns the status as a Boolean value.</doc>
<kw name="Should Contain" library="BuiltIn">
<arg>${link}</arg>
<arg>${text}</arg>
<doc>Fails if ``container`` does not contain ``item`` one or more times.</doc>
<status status="PASS" starttime="20211226 18:22:53.702" endtime="20211226 18:22:53.702"/>
</kw>
<msg timestamp="20211226 18:22:53.702" level="INFO">${status} = True</msg>
<status status="PASS" starttime="20211226 18:22:53.702" endtime="20211226 18:22:53.702"/>
</kw>
<if>
<branch type="IF" condition="'${status}'=='True'">
<kw name="Evaluate" library="BuiltIn">
<var>${count}</var>
<arg>${count}+${1}</arg>
<doc>Evaluates the given expression in Python and returns the result.</doc>
<msg timestamp="20211226 18:22:53.702" level="INFO">${count} = 5</msg>
<status status="PASS" starttime="20211226 18:22:53.702" endtime="20211226 18:22:53.702"/>
</kw>
<status status="PASS" starttime="20211226 18:22:53.702" endtime="20211226 18:22:53.702"/>
</branch>
<status status="PASS" starttime="20211226 18:22:53.702" endtime="20211226 18:22:53.702"/>
</if>
<status status="PASS" starttime="20211226 18:22:53.702" endtime="20211226 18:22:53.702"/>
</iter>
<iter>
<var name="${link}">https://www.olx.in › OLX Autos (Cars)</var>
<kw name="Run Keyword And Return Status" library="BuiltIn">
<var>${status}</var>
<arg>should contain</arg>
<arg>${link}</arg>
<arg>${text}</arg>
<doc>Runs the given keyword with given arguments and returns the status as a Boolean value.</doc>
<kw name="Should Contain" library="BuiltIn">
<arg>${link}</arg>
<arg>${text}</arg>
<doc>Fails if ``container`` does not contain ``item`` one or more times.</doc>
<status status="PASS" starttime="20211226 18:22:53.702" endtime="20211226 18:22:53.702"/>
</kw>
<msg timestamp="20211226 18:22:53.702" level="INFO">${status} = True</msg>
<status status="PASS" starttime="20211226 18:22:53.702" endtime="20211226 18:22:53.702"/>
</kw>
<if>
<branch type="IF" condition="'${status}'=='True'">
<kw name="Evaluate" library="BuiltIn">
<var>${count}</var>
<arg>${count}+${1}</arg>
<doc>Evaluates the given expression in Python and returns the result.</doc>
<msg timestamp="20211226 18:22:53.702" level="INFO">${count} = 6</msg>
<status status="PASS" starttime="20211226 18:22:53.702" endtime="20211226 18:22:53.702"/>
</kw>
<status status="PASS" starttime="20211226 18:22:53.702" endtime="20211226 18:22:53.702"/>
</branch>
<status status="PASS" starttime="20211226 18:22:53.702" endtime="20211226 18:22:53.702"/>
</if>
<status status="PASS" starttime="20211226 18:22:53.702" endtime="20211226 18:22:53.717"/>
</iter>
<iter>
<var name="${link}">https://www.olx.in › OLX Autos (Cars) › Cars</var>
<kw name="Run Keyword And Return Status" library="BuiltIn">
<var>${status}</var>
<arg>should contain</arg>
<arg>${link}</arg>
<arg>${text}</arg>
<doc>Runs the given keyword with given arguments and returns the status as a Boolean value.</doc>
<kw name="Should Contain" library="BuiltIn">
<arg>${link}</arg>
<arg>${text}</arg>
<doc>Fails if ``container`` does not contain ``item`` one or more times.</doc>
<status status="PASS" starttime="20211226 18:22:53.717" endtime="20211226 18:22:53.717"/>
</kw>
<msg timestamp="20211226 18:22:53.717" level="INFO">${status} = True</msg>
<status status="PASS" starttime="20211226 18:22:53.717" endtime="20211226 18:22:53.717"/>
</kw>
<if>
<branch type="IF" condition="'${status}'=='True'">
<kw name="Evaluate" library="BuiltIn">
<var>${count}</var>
<arg>${count}+${1}</arg>
<doc>Evaluates the given expression in Python and returns the result.</doc>
<msg timestamp="20211226 18:22:53.717" level="INFO">${count} = 7</msg>
<status status="PASS" starttime="20211226 18:22:53.717" endtime="20211226 18:22:53.717"/>
</kw>
<status status="PASS" starttime="20211226 18:22:53.717" endtime="20211226 18:22:53.717"/>
</branch>
<status status="PASS" starttime="20211226 18:22:53.717" endtime="20211226 18:22:53.717"/>
</if>
<status status="PASS" starttime="20211226 18:22:53.717" endtime="20211226 18:22:53.717"/>
</iter>
<iter>
<var name="${link}">https://www.olx.in › OLX Autos (Cars) › Cars</var>
<kw name="Run Keyword And Return Status" library="BuiltIn">
<var>${status}</var>
<arg>should contain</arg>
<arg>${link}</arg>
<arg>${text}</arg>
<doc>Runs the given keyword with given arguments and returns the status as a Boolean value.</doc>
<kw name="Should Contain" library="BuiltIn">
<arg>${link}</arg>
<arg>${text}</arg>
<doc>Fails if ``container`` does not contain ``item`` one or more times.</doc>
<status status="PASS" starttime="20211226 18:22:53.717" endtime="20211226 18:22:53.717"/>
</kw>
<msg timestamp="20211226 18:22:53.717" level="INFO">${status} = True</msg>
<status status="PASS" starttime="20211226 18:22:53.717" endtime="20211226 18:22:53.717"/>
</kw>
<if>
<branch type="IF" condition="'${status}'=='True'">
<kw name="Evaluate" library="BuiltIn">
<var>${count}</var>
<arg>${count}+${1}</arg>
<doc>Evaluates the given expression in Python and returns the result.</doc>
<msg timestamp="20211226 18:22:53.717" level="INFO">${count} = 8</msg>
<status status="PASS" starttime="20211226 18:22:53.717" endtime="20211226 18:22:53.717"/>
</kw>
<status status="PASS" starttime="20211226 18:22:53.717" endtime="20211226 18:22:53.717"/>
</branch>
<status status="PASS" starttime="20211226 18:22:53.717" endtime="20211226 18:22:53.717"/>
</if>
<status status="PASS" starttime="20211226 18:22:53.717" endtime="20211226 18:22:53.717"/>
</iter>
<iter>
<var name="${link}">https://www.olx.in › OLX Autos (Cars)</var>
<kw name="Run Keyword And Return Status" library="BuiltIn">
<var>${status}</var>
<arg>should contain</arg>
<arg>${link}</arg>
<arg>${text}</arg>
<doc>Runs the given keyword with given arguments and returns the status as a Boolean value.</doc>
<kw name="Should Contain" library="BuiltIn">
<arg>${link}</arg>
<arg>${text}</arg>
<doc>Fails if ``container`` does not contain ``item`` one or more times.</doc>
<status status="PASS" starttime="20211226 18:22:53.717" endtime="20211226 18:22:53.717"/>
</kw>
<msg timestamp="20211226 18:22:53.717" level="INFO">${status} = True</msg>
<status status="PASS" starttime="20211226 18:22:53.717" endtime="20211226 18:22:53.717"/>
</kw>
<if>
<branch type="IF" condition="'${status}'=='True'">
<kw name="Evaluate" library="BuiltIn">
<var>${count}</var>
<arg>${count}+${1}</arg>
<doc>Evaluates the given expression in Python and returns the result.</doc>
<msg timestamp="20211226 18:22:53.717" level="INFO">${count} = 9</msg>
<status status="PASS" starttime="20211226 18:22:53.717" endtime="20211226 18:22:53.717"/>
</kw>
<status status="PASS" starttime="20211226 18:22:53.717" endtime="20211226 18:22:53.717"/>
</branch>
<status status="PASS" starttime="20211226 18:22:53.717" endtime="20211226 18:22:53.717"/>
</if>
<status status="PASS" starttime="20211226 18:22:53.717" endtime="20211226 18:22:53.717"/>
</iter>
<iter>
<var name="${link}">https://www.olx.in › OLX Autos (Cars) › Cars</var>
<kw name="Run Keyword And Return Status" library="BuiltIn">
<var>${status}</var>
<arg>should contain</arg>
<arg>${link}</arg>
<arg>${text}</arg>
<doc>Runs the given keyword with given arguments and returns the status as a Boolean value.</doc>
<kw name="Should Contain" library="BuiltIn">
<arg>${link}</arg>
<arg>${text}</arg>
<doc>Fails if ``container`` does not contain ``item`` one or more times.</doc>
<status status="PASS" starttime="20211226 18:22:53.717" endtime="20211226 18:22:53.717"/>
</kw>
<msg timestamp="20211226 18:22:53.717" level="INFO">${status} = True</msg>
<status status="PASS" starttime="20211226 18:22:53.717" endtime="20211226 18:22:53.717"/>
</kw>
<if>
<branch type="IF" condition="'${status}'=='True'">
<kw name="Evaluate" library="BuiltIn">
<var>${count}</var>
<arg>${count}+${1}</arg>
<doc>Evaluates the given expression in Python and returns the result.</doc>
<msg timestamp="20211226 18:22:53.717" level="INFO">${count} = 10</msg>
<status status="PASS" starttime="20211226 18:22:53.717" endtime="20211226 18:22:53.717"/>
</kw>
<status status="PASS" starttime="20211226 18:22:53.717" endtime="20211226 18:22:53.717"/>
</branch>
<status status="PASS" starttime="20211226 18:22:53.717" endtime="20211226 18:22:53.717"/>
</if>
<status status="PASS" starttime="20211226 18:22:53.717" endtime="20211226 18:22:53.717"/>
</iter>
<iter>
<var name="${link}">olx cars mumbai
olx cars pune
olx cars for sale
olx cars for sale price
olx car swift
olx cars punjab
olx car lucknow
olx car delhi</var>
<kw name="Run Keyword And Return Status" library="BuiltIn">
<var>${status}</var>
<arg>should contain</arg>
<arg>${link}</arg>
<arg>${text}</arg>
<doc>Runs the given keyword with given arguments and returns the status as a Boolean value.</doc>
<kw name="Should Contain" library="BuiltIn">
<arg>${link}</arg>
<arg>${text}</arg>
<doc>Fails if ``container`` does not contain ``item`` one or more times.</doc>
<msg timestamp="20211226 18:22:53.717" level="FAIL">'olx cars mumbai
olx cars pune
olx cars for sale
olx cars for sale price
olx car swift
olx cars punjab
olx car lucknow
olx car delhi' does not contain 'olx.in'</msg>
<status status="FAIL" starttime="20211226 18:22:53.717" endtime="20211226 18:22:53.717"/>
</kw>
<msg timestamp="20211226 18:22:53.717" level="INFO">${status} = False</msg>
<status status="PASS" starttime="20211226 18:22:53.717" endtime="20211226 18:22:53.717"/>
</kw>
<if>
<branch type="IF" condition="'${status}'=='True'">
<kw name="Evaluate" library="BuiltIn">
<var>${count}</var>
<arg>${count}+${1}</arg>
<doc>Evaluates the given expression in Python and returns the result.</doc>
<status status="NOT RUN" starttime="20211226 18:22:53.717" endtime="20211226 18:22:53.717"/>
</kw>
<status status="NOT RUN" starttime="20211226 18:22:53.717" endtime="20211226 18:22:53.717"/>
</branch>
<status status="PASS" starttime="20211226 18:22:53.717" endtime="20211226 18:22:53.717"/>
</if>
<status status="PASS" starttime="20211226 18:22:53.717" endtime="20211226 18:22:53.717"/>
</iter>
<status status="PASS" starttime="20211226 18:22:53.686" endtime="20211226 18:22:53.717"/>
</for>
<msg timestamp="20211226 18:22:53.717" level="INFO">${count} = 10</msg>
<status status="PASS" starttime="20211226 18:22:53.686" endtime="20211226 18:22:53.717"/>
</kw>
<kw name="Should Be True" library="BuiltIn">
<arg>${count}&gt;0</arg>
<doc>Fails if the given condition is not true.</doc>
<status status="PASS" starttime="20211226 18:22:53.717" endtime="20211226 18:22:53.733"/>
</kw>
<if>
<branch type="IF" condition="${navigation_counter}&gt;0">
<kw name="User navigates to given number of links" library="sp_google_search_pages">
<var>${titles}</var>
<arg>${texts}</arg>
<arg>${navigation_counter}</arg>
<doc>This page method deals with opening the number of links equivalent to the navigation counter</doc>
<for flavor="IN RANGE">
<var>${i}</var>
<value>${navigation_counter}</value>
<iter>
<var name="${i}">0</var>
<kw name="Log" library="BuiltIn">
<arg>${result}[${i+1}]</arg>
<doc>Logs the given message with the given level.</doc>
<msg timestamp="20211226 18:22:53.733" level="INFO">Used OLX Autos (Cars) in India</msg>
<status status="PASS" starttime="20211226 18:22:53.733" endtime="20211226 18:22:53.733"/>
</kw>
<kw name="Click" library="ui_interactions">
<arg>//*[contains(text(), '${result}[${i+1}]')]</arg>
<arg>modifier=CTRL</arg>
<kw name="Wait" library="ui_interactions">
<arg>${xpath}</arg>
<arg>${timeout}</arg>
<kw name="Wait Until Element Is Visible" library="SeleniumLibrary">
<arg>${xpath}</arg>
<arg>timeout=${timeout}</arg>
<doc>Waits until the element ``locator`` is visible.</doc>
<status status="PASS" starttime="20211226 18:22:53.733" endtime="20211226 18:22:53.749"/>
</kw>
<status status="PASS" starttime="20211226 18:22:53.733" endtime="20211226 18:22:53.749"/>
</kw>
<kw name="Click Element" library="SeleniumLibrary">
<arg>${xpath}</arg>
<arg>modifier=${modifier}</arg>
<doc>Click the element identified by ``locator``.</doc>
<msg timestamp="20211226 18:22:53.749" level="INFO">Clicking element '//*[contains(text(), 'Used OLX Autos (Cars) in India')]' with CTRL.</msg>
<status status="PASS" starttime="20211226 18:22:53.749" endtime="20211226 18:22:54.065"/>
</kw>
<status status="PASS" starttime="20211226 18:22:53.733" endtime="20211226 18:22:54.065"/>
</kw>
<status status="PASS" starttime="20211226 18:22:53.733" endtime="20211226 18:22:54.065"/>
</iter>
<iter>
<var name="${i}">1</var>
<kw name="Log" library="BuiltIn">
<arg>${result}[${i+1}]</arg>
<doc>Logs the given message with the given level.</doc>
<msg timestamp="20211226 18:22:54.067" level="INFO">Used Car for sale in India, Second Hand Cars in India | OLX</msg>
<status status="PASS" starttime="20211226 18:22:54.066" endtime="20211226 18:22:54.067"/>
</kw>
<kw name="Click" library="ui_interactions">
<arg>//*[contains(text(), '${result}[${i+1}]')]</arg>
<arg>modifier=CTRL</arg>
<kw name="Wait" library="ui_interactions">
<arg>${xpath}</arg>
<arg>${timeout}</arg>
<kw name="Wait Until Element Is Visible" library="SeleniumLibrary">
<arg>${xpath}</arg>
<arg>timeout=${timeout}</arg>
<doc>Waits until the element ``locator`` is visible.</doc>
<status status="PASS" starttime="20211226 18:22:54.070" endtime="20211226 18:22:54.096"/>
</kw>
<status status="PASS" starttime="20211226 18:22:54.069" endtime="20211226 18:22:54.096"/>
</kw>
<kw name="Click Element" library="SeleniumLibrary">
<arg>${xpath}</arg>
<arg>modifier=${modifier}</arg>
<doc>Click the element identified by ``locator``.</doc>
<msg timestamp="20211226 18:22:54.097" level="INFO">Clicking element '//*[contains(text(), 'Used Car for sale in India, Second Hand Cars in India | OLX')]' with CTRL.</msg>
<status status="PASS" starttime="20211226 18:22:54.096" endtime="20211226 18:22:54.388"/>
</kw>
<status status="PASS" starttime="20211226 18:22:54.067" endtime="20211226 18:22:54.389"/>
</kw>
<status status="PASS" starttime="20211226 18:22:54.066" endtime="20211226 18:22:54.389"/>
</iter>
<iter>
<var name="${i}">2</var>
<kw name="Log" library="BuiltIn">
<arg>${result}[${i+1}]</arg>
<doc>Logs the given message with the given level.</doc>
<msg timestamp="20211226 18:22:54.391" level="INFO">Used Cars Below 200000 for sale in India, Second ... - OLX</msg>
<status status="PASS" starttime="20211226 18:22:54.390" endtime="20211226 18:22:54.392"/>
</kw>
<kw name="Click" library="ui_interactions">
<arg>//*[contains(text(), '${result}[${i+1}]')]</arg>
<arg>modifier=CTRL</arg>
<kw name="Wait" library="ui_interactions">
<arg>${xpath}</arg>
<arg>${timeout}</arg>
<kw name="Wait Until Element Is Visible" library="SeleniumLibrary">
<arg>${xpath}</arg>
<arg>timeout=${timeout}</arg>
<doc>Waits until the element ``locator`` is visible.</doc>
<status status="PASS" starttime="20211226 18:22:54.394" endtime="20211226 18:22:54.415"/>
</kw>
<status status="PASS" starttime="20211226 18:22:54.393" endtime="20211226 18:22:54.415"/>
</kw>
<kw name="Click Element" library="SeleniumLibrary">
<arg>${xpath}</arg>
<arg>modifier=${modifier}</arg>
<doc>Click the element identified by ``locator``.</doc>
<msg timestamp="20211226 18:22:54.416" level="INFO">Clicking element '//*[contains(text(), 'Used Cars Below 200000 for sale in India, Second ... - OLX')]' with CTRL.</msg>
<status status="PASS" starttime="20211226 18:22:54.416" endtime="20211226 18:22:54.699"/>
</kw>
<status status="PASS" starttime="20211226 18:22:54.392" endtime="20211226 18:22:54.699"/>
</kw>
<status status="PASS" starttime="20211226 18:22:54.389" endtime="20211226 18:22:54.699"/>
</iter>
<status status="PASS" starttime="20211226 18:22:53.733" endtime="20211226 18:22:54.699"/>
</for>
<kw name="Get Window Handles" library="SeleniumLibrary">
<var>${handles}</var>
<doc>Returns all child window handles of the selected browser as a list.</doc>
<msg timestamp="20211226 18:22:54.703" level="INFO">${handles} = ['CDwindow-892A32443CE71618DD7DC01ABADE31AA', 'CDwindow-7A5F45E8B7BECD0D754E59D23FA0C5F2', 'CDwindow-C7BFD37B7DF229601763771EA6F4491D', 'CDwindow-70EE803D48DB05DA6FB67DA0D3AD5406']</msg>
<status status="PASS" starttime="20211226 18:22:54.700" endtime="20211226 18:22:54.703"/>
</kw>
<kw name="Get Length" library="BuiltIn">
<var>${len}</var>
<arg>${handles}</arg>
<doc>Returns and logs the length of the given item as an integer.</doc>
<msg timestamp="20211226 18:22:54.703" level="INFO">Length is 4</msg>
<msg timestamp="20211226 18:22:54.704" level="INFO">${len} = 4</msg>
<status status="PASS" starttime="20211226 18:22:54.703" endtime="20211226 18:22:54.704"/>
</kw>
<for flavor="IN RANGE">
<var>${i}</var>
<value>${len}</value>
<iter>
<var name="${i}">0</var>
<kw name="Switch Window" library="SeleniumLibrary">
<arg>${handles}[${i}]</arg>
<doc>Switches to browser window matching ``locator``.</doc>
<status status="PASS" starttime="20211226 18:22:54.704" endtime="20211226 18:22:54.714"/>
</kw>
<kw name="User verifies the page is loaded" library="sp_browser_actions">
<doc>This method deals whether the page is loaded with the use of Javascript</doc>
<for flavor="IN RANGE">
<var>${i}</var>
<value>50</value>
<iter>
<var name="${i}">0</var>
<kw name="Execute Javascript" library="SeleniumLibrary">
<var>${result}</var>
<arg>return document.readyState</arg>
<doc>Executes the given JavaScript code with possible arguments.</doc>
<msg timestamp="20211226 18:22:54.716" level="INFO">Executing JavaScript:
return document.readyState
Without any arguments.</msg>
<msg timestamp="20211226 18:22:54.719" level="INFO">${result} = complete</msg>
<status status="PASS" starttime="20211226 18:22:54.715" endtime="20211226 18:22:54.719"/>
</kw>
<if>
<branch type="IF" condition="'${result}'=='complete'">
<kw name="Log" library="BuiltIn">
<arg>Page is loaded</arg>
<doc>Logs the given message with the given level.</doc>
<msg timestamp="20211226 18:22:54.720" level="INFO">Page is loaded</msg>
<status status="PASS" starttime="20211226 18:22:54.720" endtime="20211226 18:22:54.720"/>
</kw>
<kw name="Exit For Loop" library="BuiltIn">
<doc>Stops executing the enclosing for loop.</doc>
<msg timestamp="20211226 18:22:54.720" level="INFO">Exiting for loop altogether.</msg>
<status status="PASS" starttime="20211226 18:22:54.720" endtime="20211226 18:22:54.721"/>
</kw>
<status status="PASS" starttime="20211226 18:22:54.719" endtime="20211226 18:22:54.721"/>
</branch>
<branch type="ELSE">
<kw name="Sleep" library="BuiltIn">
<arg>1s</arg>
<doc>Pauses the test executed for the given time.</doc>
<status status="NOT RUN" starttime="20211226 18:22:54.722" endtime="20211226 18:22:54.722"/>
</kw>
<status status="NOT RUN" starttime="20211226 18:22:54.721" endtime="20211226 18:22:54.722"/>
</branch>
<status status="PASS" starttime="20211226 18:22:54.719" endtime="20211226 18:22:54.722"/>
</if>
<status status="PASS" starttime="20211226 18:22:54.715" endtime="20211226 18:22:54.722"/>
</iter>
<status status="PASS" starttime="20211226 18:22:54.714" endtime="20211226 18:22:54.722"/>
</for>
<status status="PASS" starttime="20211226 18:22:54.714" endtime="20211226 18:22:54.723"/>
</kw>
<status status="PASS" starttime="20211226 18:22:54.704" endtime="20211226 18:22:54.723"/>
</iter>
<iter>
<var name="${i}">1</var>
<kw name="Switch Window" library="SeleniumLibrary">
<arg>${handles}[${i}]</arg>
<doc>Switches to browser window matching ``locator``.</doc>
<status status="PASS" starttime="20211226 18:22:54.723" endtime="20211226 18:22:54.755"/>
</kw>
<kw name="User verifies the page is loaded" library="sp_browser_actions">
<doc>This method deals whether the page is loaded with the use of Javascript</doc>
<for flavor="IN RANGE">
<var>${i}</var>
<value>50</value>
<iter>
<var name="${i}">0</var>
<kw name="Execute Javascript" library="SeleniumLibrary">
<var>${result}</var>
<arg>return document.readyState</arg>
<doc>Executes the given JavaScript code with possible arguments.</doc>
<msg timestamp="20211226 18:22:54.759" level="INFO">Executing JavaScript:
return document.readyState
Without any arguments.</msg>
<msg timestamp="20211226 18:22:58.021" level="INFO">${result} = complete</msg>
<status status="PASS" starttime="20211226 18:22:54.758" endtime="20211226 18:22:58.021"/>
</kw>
<if>
<branch type="IF" condition="'${result}'=='complete'">
<kw name="Log" library="BuiltIn">
<arg>Page is loaded</arg>
<doc>Logs the given message with the given level.</doc>
<msg timestamp="20211226 18:22:58.022" level="INFO">Page is loaded</msg>
<status status="PASS" starttime="20211226 18:22:58.022" endtime="20211226 18:22:58.022"/>
</kw>
<kw name="Exit For Loop" library="BuiltIn">
<doc>Stops executing the enclosing for loop.</doc>
<msg timestamp="20211226 18:22:58.023" level="INFO">Exiting for loop altogether.</msg>
<status status="PASS" starttime="20211226 18:22:58.022" endtime="20211226 18:22:58.023"/>
</kw>
<status status="PASS" starttime="20211226 18:22:58.021" endtime="20211226 18:22:58.024"/>
</branch>
<branch type="ELSE">
<kw name="Sleep" library="BuiltIn">
<arg>1s</arg>
<doc>Pauses the test executed for the given time.</doc>
<status status="NOT RUN" starttime="20211226 18:22:58.024" endtime="20211226 18:22:58.024"/>
</kw>
<status status="NOT RUN" starttime="20211226 18:22:58.024" endtime="20211226 18:22:58.024"/>
</branch>
<status status="PASS" starttime="20211226 18:22:58.021" endtime="20211226 18:22:58.024"/>
</if>
<status status="PASS" starttime="20211226 18:22:54.757" endtime="20211226 18:22:58.025"/>
</iter>
<status status="PASS" starttime="20211226 18:22:54.756" endtime="20211226 18:22:58.025"/>
</for>
<status status="PASS" starttime="20211226 18:22:54.755" endtime="20211226 18:22:58.025"/>
</kw>
<status status="PASS" starttime="20211226 18:22:54.723" endtime="20211226 18:22:58.026"/>
</iter>
<iter>
<var name="${i}">2</var>
<kw name="Switch Window" library="SeleniumLibrary">
<arg>${handles}[${i}]</arg>
<doc>Switches to browser window matching ``locator``.</doc>
<status status="PASS" starttime="20211226 18:22:58.027" endtime="20211226 18:22:58.213"/>
</kw>
<kw name="User verifies the page is loaded" library="sp_browser_actions">
<doc>This method deals whether the page is loaded with the use of Javascript</doc>
<for flavor="IN RANGE">
<var>${i}</var>
<value>50</value>
<iter>
<var name="${i}">0</var>
<kw name="Execute Javascript" library="SeleniumLibrary">
<var>${result}</var>
<arg>return document.readyState</arg>
<doc>Executes the given JavaScript code with possible arguments.</doc>
<msg timestamp="20211226 18:22:58.216" level="INFO">Executing JavaScript:
return document.readyState
Without any arguments.</msg>
<msg timestamp="20211226 18:22:58.871" level="INFO">${result} = complete</msg>
<status status="PASS" starttime="20211226 18:22:58.215" endtime="20211226 18:22:58.871"/>
</kw>
<if>
<branch type="IF" condition="'${result}'=='complete'">
<kw name="Log" library="BuiltIn">
<arg>Page is loaded</arg>
<doc>Logs the given message with the given level.</doc>
<msg timestamp="20211226 18:22:58.872" level="INFO">Page is loaded</msg>
<status status="PASS" starttime="20211226 18:22:58.872" endtime="20211226 18:22:58.872"/>
</kw>
<kw name="Exit For Loop" library="BuiltIn">
<doc>Stops executing the enclosing for loop.</doc>
<msg timestamp="20211226 18:22:58.873" level="INFO">Exiting for loop altogether.</msg>
<status status="PASS" starttime="20211226 18:22:58.872" endtime="20211226 18:22:58.873"/>
</kw>
<status status="PASS" starttime="20211226 18:22:58.871" endtime="20211226 18:22:58.873"/>
</branch>
<branch type="ELSE">
<kw name="Sleep" library="BuiltIn">
<arg>1s</arg>
<doc>Pauses the test executed for the given time.</doc>
<status status="NOT RUN" starttime="20211226 18:22:58.874" endtime="20211226 18:22:58.874"/>
</kw>
<status status="NOT RUN" starttime="20211226 18:22:58.873" endtime="20211226 18:22:58.874"/>
</branch>
<status status="PASS" starttime="20211226 18:22:58.871" endtime="20211226 18:22:58.874"/>
</if>
<status status="PASS" starttime="20211226 18:22:58.215" endtime="20211226 18:22:58.874"/>
</iter>
<status status="PASS" starttime="20211226 18:22:58.214" endtime="20211226 18:22:58.875"/>
</for>
<status status="PASS" starttime="20211226 18:22:58.213" endtime="20211226 18:22:58.875"/>
</kw>
<status status="PASS" starttime="20211226 18:22:58.026" endtime="20211226 18:22:58.875"/>
</iter>
<iter>
<var name="${i}">3</var>
<kw name="Switch Window" library="SeleniumLibrary">
<arg>${handles}[${i}]</arg>
<doc>Switches to browser window matching ``locator``.</doc>
<status status="PASS" starttime="20211226 18:22:58.875" endtime="20211226 18:22:59.108"/>
</kw>
<kw name="User verifies the page is loaded" library="sp_browser_actions">
<doc>This method deals whether the page is loaded with the use of Javascript</doc>
<for flavor="IN RANGE">
<var>${i}</var>
<value>50</value>
<iter>
<var name="${i}">0</var>
<kw name="Execute Javascript" library="SeleniumLibrary">
<var>${result}</var>
<arg>return document.readyState</arg>
<doc>Executes the given JavaScript code with possible arguments.</doc>
<msg timestamp="20211226 18:22:59.112" level="INFO">Executing JavaScript:
return document.readyState
Without any arguments.</msg>
<msg timestamp="20211226 18:22:59.483" level="INFO">${result} = complete</msg>
<status status="PASS" starttime="20211226 18:22:59.110" endtime="20211226 18:22:59.483"/>
</kw>
<if>
<branch type="IF" condition="'${result}'=='complete'">
<kw name="Log" library="BuiltIn">
<arg>Page is loaded</arg>
<doc>Logs the given message with the given level.</doc>
<msg timestamp="20211226 18:22:59.484" level="INFO">Page is loaded</msg>
<status status="PASS" starttime="20211226 18:22:59.484" endtime="20211226 18:22:59.484"/>
</kw>
<kw name="Exit For Loop" library="BuiltIn">
<doc>Stops executing the enclosing for loop.</doc>
<msg timestamp="20211226 18:22:59.485" level="INFO">Exiting for loop altogether.</msg>
<status status="PASS" starttime="20211226 18:22:59.484" endtime="20211226 18:22:59.485"/>
</kw>
<status status="PASS" starttime="20211226 18:22:59.483" endtime="20211226 18:22:59.485"/>
</branch>
<branch type="ELSE">
<kw name="Sleep" library="BuiltIn">
<arg>1s</arg>
<doc>Pauses the test executed for the given time.</doc>
<status status="NOT RUN" starttime="20211226 18:22:59.486" endtime="20211226 18:22:59.486"/>
</kw>
<status status="NOT RUN" starttime="20211226 18:22:59.485" endtime="20211226 18:22:59.486"/>
</branch>
<status status="PASS" starttime="20211226 18:22:59.483" endtime="20211226 18:22:59.486"/>
</if>
<status status="PASS" starttime="20211226 18:22:59.110" endtime="20211226 18:22:59.486"/>
</iter>
<status status="PASS" starttime="20211226 18:22:59.109" endtime="20211226 18:22:59.486"/>
</for>
<status status="PASS" starttime="20211226 18:22:59.108" endtime="20211226 18:22:59.486"/>
</kw>
<status status="PASS" starttime="20211226 18:22:58.875" endtime="20211226 18:22:59.487"/>
</iter>
<status status="PASS" starttime="20211226 18:22:54.704" endtime="20211226 18:22:59.487"/>
</for>
<kw name="Get Window Titles" library="SeleniumLibrary">
<var>${titles}</var>
<doc>Returns and logs titles of all windows of the selected browser.</doc>
<msg timestamp="20211226 18:23:00.597" level="INFO">Altogether 4 items.
1: Used OLX Cars in India - Google Search
2: Used Cars Below 200000 for sale in India, Second Hand Cars in India | OLX
3: Used Car for sale in India, Second Hand Cars in India | OLX
4: Used OLX Autos (Cars) for sale in India, Second Hand OLX Autos (Cars) in India | OLX</msg>
<msg timestamp="20211226 18:23:00.597" level="INFO">${titles} = ['Used OLX Cars in India - Google Search', 'Used Cars Below 200000 for sale in India, Second Hand Cars in India | OLX', 'Used Car for sale in India, Second Hand Cars in India | OLX', 'Used OLX Autos (...</msg>
<status status="PASS" starttime="20211226 18:22:59.487" endtime="20211226 18:23:00.597"/>
</kw>
<msg timestamp="20211226 18:23:00.598" level="INFO">${titles} = ['Used OLX Cars in India - Google Search', 'Used Cars Below 200000 for sale in India, Second Hand Cars in India | OLX', 'Used Car for sale in India, Second Hand Cars in India | OLX', 'Used OLX Autos (...</msg>
<status status="PASS" starttime="20211226 18:22:53.733" endtime="20211226 18:23:00.598"/>
</kw>
<status status="PASS" starttime="20211226 18:22:53.733" endtime="20211226 18:23:00.598"/>
</branch>
<status status="PASS" starttime="20211226 18:22:53.733" endtime="20211226 18:23:00.598"/>
</if>
<status status="PASS" starttime="20211226 18:22:53.107" endtime="20211226 18:23:00.598"/>
</kw>
<doc>This test case deals with the mocking of the user action to search any string on given browser and verify the given conditions.</doc>
<tag>search</tag>
<tag>TC-001</tag>
<tag>test_cases</tag>
<status status="PASS" starttime="20211226 18:22:48.912" endtime="20211226 18:23:00.598"/>
</test>
<kw name="User closes the browser" library="sp_browser_actions" type="TEARDOWN">
<doc>This action method deals with the closing of the browser</doc>
<kw name="Close Browser" library="SeleniumLibrary">
<doc>Closes the current browser.</doc>
<status status="PASS" starttime="20211226 18:23:00.600" endtime="20211226 18:23:02.825"/>
</kw>
<status status="PASS" starttime="20211226 18:23:00.600" endtime="20211226 18:23:02.825"/>
</kw>
<status status="PASS" starttime="20211226 18:22:47.173" endtime="20211226 18:23:02.825"/>
</suite>
<status status="PASS" starttime="20211226 18:22:47.173" endtime="20211226 18:23:02.825"/>
</suite>
<doc>[https://pabot.org/?ref=log|Pabot] result from 1 executions.</doc>
<status status="PASS" starttime="20211226 18:22:46.926" endtime="20211226 18:23:02.825"/>
</suite>
<statistics>
<total>
<stat pass="1" fail="0" skip="0">All Tests</stat>
</total>
<tag>
<stat pass="1" fail="0" skip="0">search</stat>
<stat pass="1" fail="0" skip="0">TC-001</stat>
<stat pass="1" fail="0" skip="0">test_cases</stat>
</tag>
<suite>
<stat pass="1" fail="0" skip="0" id="s1" name="Test">Test</stat>
<stat pass="1" fail="0" skip="0" id="s1-s1" name="Google Search">Test.Google Search</stat>
<stat pass="1" fail="0" skip="0" id="s1-s1-s1" name="Sp Google Search">Test.Google Search.Sp Google Search</stat>
</suite>
</statistics>
<errors>
</errors>
</robot>
